<?xml version="1.0" encoding="UTF-8"?>
<!-- Generated by org.testng.reporters.JUnitXMLReporter -->
<testsuite ignored="2" hostname="Tommy" failures="0" tests="0" time="0.005" errors="0" timestamp="2023-11-06T22:22:14 WIB">
  <testcase classname="org.Appium.checkout" name="transactionWithDataDriven" time="0.0">
    <ignored/>
  </testcase> <!-- transactionWithDataDriven -->
  <testcase classname="org.Appium.checkout" name="transactionDemo" time="0.0">
    <ignored/>
  </testcase> <!-- transactionDemo -->
</testsuite>
