<?xml version="1.0" encoding="UTF-8"?>
<testng-results ignored="3" total="4" passed="1" failed="0" skipped="0">
  <reporter-output>
  </reporter-output>
  <suite started-at="2023-11-06T22:22:14 WIB" name="Suite" finished-at="2023-11-06T22:22:28 WIB" duration-ms="13955">
    <groups>
      <group name="Smoke">
        <method signature="errorValidation.homeErrorValidation()[pri:0, instance:org.Appium.errorValidation@7bbc8656]" name="homeErrorValidation" class="org.Appium.errorValidation"/>
      </group> <!-- Smoke -->
    </groups>
    <test started-at="2023-11-06T22:22:14 WIB" name="End to End Checkout" finished-at="2023-11-06T22:22:14 WIB" duration-ms="5">
    </test> <!-- End to End Checkout -->
    <test started-at="2023-11-06T22:22:14 WIB" name="End to End Checkout Experiment" finished-at="2023-11-06T22:22:14 WIB" duration-ms="0">
    </test> <!-- End to End Checkout Experiment -->
    <test started-at="2023-11-06T22:22:14 WIB" name="Error Validation" finished-at="2023-11-06T22:22:28 WIB" duration-ms="13715">
      <class name="org.Appium.errorValidation">
        <test-method is-config="true" signature="ConfigureAppium()[pri:0, instance:org.Appium.errorValidation@7bbc8656]" started-at="2023-11-06T22:22:14 WIB" name="ConfigureAppium" finished-at="2023-11-06T22:22:24 WIB" duration-ms="9811" status="PASS">
          <reporter-output>
          </reporter-output>
        </test-method> <!-- ConfigureAppium -->
        <test-method signature="homeErrorValidation()[pri:0, instance:org.Appium.errorValidation@7bbc8656]" started-at="2023-11-06T22:22:24 WIB" name="homeErrorValidation" finished-at="2023-11-06T22:22:27 WIB" duration-ms="3540" status="PASS">
          <reporter-output>
          </reporter-output>
        </test-method> <!-- homeErrorValidation -->
        <test-method is-config="true" signature="tearDown()[pri:0, instance:org.Appium.errorValidation@7bbc8656]" started-at="2023-11-06T22:22:27 WIB" name="tearDown" finished-at="2023-11-06T22:22:28 WIB" duration-ms="337" status="PASS">
          <reporter-output>
          </reporter-output>
        </test-method> <!-- tearDown -->
      </class> <!-- org.Appium.errorValidation -->
    </test> <!-- Error Validation -->
  </suite> <!-- Suite -->
</testng-results>
